parsing file: /Users/anon/Desktop/ai/msc/WFOMI/solver/test_input/diabetes/weights_complex100000.txt
parsing file: /Users/anon/Desktop/ai/msc/WFOMI/solver/test_input/diabetes/theory.txt
parsing file: /Users/anon/Desktop/ai/msc/WFOMI/solver/test_input/diabetes/query.txt
time to compute: 0.13068699836730957
partition function = 1.40763807695167e+61247
the query = 1.47460983595013e+61246
P(query) = 0.104757739940048
parsing file: /Users/anon/Desktop/ai/msc/WFOMI/solver/test_input/diabetes/weights_complex100000.txt
parsing file: /Users/anon/Desktop/ai/msc/WFOMI/solver/test_input/diabetes/theory.txt
parsing file: /Users/anon/Desktop/ai/msc/WFOMI/solver/test_input/diabetes/query.txt
time to compute: 0.1148231029510498
partition function = 1.40763807695167e+61247
the query = 1.47460983595013e+61246
P(query) = 0.104757739940048
parsing file: /Users/anon/Desktop/ai/msc/WFOMI/solver/test_input/diabetes/weights_complex100000.txt
parsing file: /Users/anon/Desktop/ai/msc/WFOMI/solver/test_input/diabetes/theory.txt
parsing file: /Users/anon/Desktop/ai/msc/WFOMI/solver/test_input/diabetes/query.txt
time to compute: 0.12270998954772949
partition function = 1.40763807695167e+61247
the query = 1.47460983595013e+61246
P(query) = 0.104757739940048
parsing file: /Users/anon/Desktop/ai/msc/WFOMI/solver/test_input/diabetes/weights_complex100000.txt
parsing file: /Users/anon/Desktop/ai/msc/WFOMI/solver/test_input/diabetes/theory.txt
parsing file: /Users/anon/Desktop/ai/msc/WFOMI/solver/test_input/diabetes/query.txt
time to compute: 0.12444591522216797
partition function = 1.40763807695167e+61247
the query = 1.47460983595013e+61246
P(query) = 0.104757739940048
parsing file: /Users/anon/Desktop/ai/msc/WFOMI/solver/test_input/diabetes/weights_complex100000.txt
parsing file: /Users/anon/Desktop/ai/msc/WFOMI/solver/test_input/diabetes/theory.txt
parsing file: /Users/anon/Desktop/ai/msc/WFOMI/solver/test_input/diabetes/query.txt
time to compute: 0.11911392211914062
partition function = 1.40763807695167e+61247
the query = 1.47460983595013e+61246
P(query) = 0.104757739940048
parsing file: /Users/anon/Desktop/ai/msc/WFOMI/solver/test_input/diabetes/weights_complex100000.txt
parsing file: /Users/anon/Desktop/ai/msc/WFOMI/solver/test_input/diabetes/theory.txt
parsing file: /Users/anon/Desktop/ai/msc/WFOMI/solver/test_input/diabetes/query.txt
time to compute: 0.1284191608428955
partition function = 1.40763807695167e+61247
the query = 1.47460983595013e+61246
P(query) = 0.104757739940048
parsing file: /Users/anon/Desktop/ai/msc/WFOMI/solver/test_input/diabetes/weights_complex100000.txt
parsing file: /Users/anon/Desktop/ai/msc/WFOMI/solver/test_input/diabetes/theory.txt
parsing file: /Users/anon/Desktop/ai/msc/WFOMI/solver/test_input/diabetes/query.txt
time to compute: 0.11112403869628906
partition function = 1.40763807695167e+61247
the query = 1.47460983595013e+61246
P(query) = 0.104757739940048
parsing file: /Users/anon/Desktop/ai/msc/WFOMI/solver/test_input/diabetes/weights_complex100000.txt
parsing file: /Users/anon/Desktop/ai/msc/WFOMI/solver/test_input/diabetes/theory.txt
parsing file: /Users/anon/Desktop/ai/msc/WFOMI/solver/test_input/diabetes/query.txt
time to compute: 0.12015008926391602
partition function = 1.40763807695167e+61247
the query = 1.47460983595013e+61246
P(query) = 0.104757739940048
parsing file: /Users/anon/Desktop/ai/msc/WFOMI/solver/test_input/diabetes/weights_complex100000.txt
parsing file: /Users/anon/Desktop/ai/msc/WFOMI/solver/test_input/diabetes/theory.txt
parsing file: /Users/anon/Desktop/ai/msc/WFOMI/solver/test_input/diabetes/query.txt
time to compute: 0.11809587478637695
partition function = 1.40763807695167e+61247
the query = 1.47460983595013e+61246
P(query) = 0.104757739940048
parsing file: /Users/anon/Desktop/ai/msc/WFOMI/solver/test_input/diabetes/weights_complex100000.txt
parsing file: /Users/anon/Desktop/ai/msc/WFOMI/solver/test_input/diabetes/theory.txt
parsing file: /Users/anon/Desktop/ai/msc/WFOMI/solver/test_input/diabetes/query.txt
time to compute: 0.10985922813415527
partition function = 1.40763807695167e+61247
the query = 1.47460983595013e+61246
P(query) = 0.104757739940048
parsing file: /Users/anon/Desktop/ai/msc/WFOMI/solver/test_input/diabetes/weights_complex100000.txt
parsing file: /Users/anon/Desktop/ai/msc/WFOMI/solver/test_input/diabetes/theory.txt
parsing file: /Users/anon/Desktop/ai/msc/WFOMI/solver/test_input/diabetes/query.txt
time to compute: 0.13221025466918945
partition function = 1.40763807695167e+61247
the query = 1.47460983595013e+61246
P(query) = 0.104757739940048
parsing file: /Users/anon/Desktop/ai/msc/WFOMI/solver/test_input/diabetes/weights_complex100000.txt
parsing file: /Users/anon/Desktop/ai/msc/WFOMI/solver/test_input/diabetes/weights_complex100000.txt
parsing file: /Users/anon/Desktop/ai/msc/WFOMI/solver/test_input/diabetes/weights_complex100000.txt
parsing file: /Users/anon/Desktop/ai/msc/WFOMI/solver/test_input/diabetes/weights_complex100000.txt
parsing file: /Users/anon/Desktop/ai/msc/WFOMI/solver/test_input/diabetes/weights_complex100000.txt
parsing file: /Users/anon/Desktop/ai/msc/WFOMI/solver/test_input/diabetes/weights_complex100000.txt
parsing file: /Users/anon/Desktop/ai/msc/WFOMI/solver/test_input/diabetes/weights_complex100000.txt
parsing file: /Users/anon/Desktop/ai/msc/WFOMI/solver/test_input/diabetes/weights_complex100000.txt
parsing file: /Users/anon/Desktop/ai/msc/WFOMI/solver/test_input/diabetes/weights_complex100000.txt
parsing file: /Users/anon/Desktop/ai/msc/WFOMI/solver/test_input/diabetes/weights_simple_test/weights_complex100000.txt
parsing file: /Users/anon/Desktop/ai/msc/WFOMI/solver/test_input/diabetes/theory.txt
parsing file: /Users/anon/Desktop/ai/msc/WFOMI/solver/test_input/diabetes/query.txt
time to compute: 0.05341601371765137
partition function = 2.28908374289711e+157978
the query = 1.68669328423998e+157978
P(query) = 0.736842105263158
parsing file: /Users/anon/Desktop/ai/msc/WFOMI/solver/test_input/diabetes/weights_simple_test/weights_complex100000.txt
parsing file: /Users/anon/Desktop/ai/msc/WFOMI/solver/test_input/diabetes/theory.txt
parsing file: /Users/anon/Desktop/ai/msc/WFOMI/solver/test_input/diabetes/query.txt
time to compute: 0.060424089431762695
partition function = 2.28908374289711e+157978
the query = 1.68669328423998e+157978
P(query) = 0.736842105263158
parsing file: /Users/anon/Desktop/ai/msc/WFOMI/solver/test_input/diabetes/weights_simple_test/weights_complex100000.txt
parsing file: /Users/anon/Desktop/ai/msc/WFOMI/solver/test_input/diabetes/theory.txt
parsing file: /Users/anon/Desktop/ai/msc/WFOMI/solver/test_input/diabetes/query.txt
time to compute: 0.03878593444824219
partition function = 2.28908374289711e+157978
the query = 1.68669328423998e+157978
P(query) = 0.736842105263158
parsing file: /Users/anon/Desktop/ai/msc/WFOMI/solver/test_input/diabetes/weights_simple_test/weights_complex100000.txt
parsing file: /Users/anon/Desktop/ai/msc/WFOMI/solver/test_input/diabetes/theory.txt
parsing file: /Users/anon/Desktop/ai/msc/WFOMI/solver/test_input/diabetes/query.txt
time to compute: 0.042695045471191406
partition function = 2.28908374289711e+157978
the query = 1.68669328423998e+157978
P(query) = 0.736842105263158
parsing file: /Users/anon/Desktop/ai/msc/WFOMI/solver/test_input/diabetes/weights_simple_test/weights_complex100000.txt
parsing file: /Users/anon/Desktop/ai/msc/WFOMI/solver/test_input/diabetes/theory.txt
parsing file: /Users/anon/Desktop/ai/msc/WFOMI/solver/test_input/diabetes/query.txt
time to compute: 0.04005312919616699
partition function = 2.28908374289711e+157978
the query = 1.68669328423998e+157978
P(query) = 0.736842105263158
parsing file: /Users/anon/Desktop/ai/msc/WFOMI/solver/test_input/diabetes/weights_simple_test/weights_complex100000.txt
parsing file: /Users/anon/Desktop/ai/msc/WFOMI/solver/test_input/diabetes/theory.txt
parsing file: /Users/anon/Desktop/ai/msc/WFOMI/solver/test_input/diabetes/query.txt
time to compute: 0.04416489601135254
partition function = 2.28908374289711e+157978
the query = 1.68669328423998e+157978
P(query) = 0.736842105263158
parsing file: /Users/anon/Desktop/ai/msc/WFOMI/solver/test_input/diabetes/weights_simple_test/weights_complex100000.txt
parsing file: /Users/anon/Desktop/ai/msc/WFOMI/solver/test_input/diabetes/theory.txt
parsing file: /Users/anon/Desktop/ai/msc/WFOMI/solver/test_input/diabetes/query.txt
time to compute: 0.04721689224243164
partition function = 2.28908374289711e+157978
the query = 1.68669328423998e+157978
P(query) = 0.736842105263158
parsing file: /Users/anon/Desktop/ai/msc/WFOMI/solver/test_input/diabetes/weights_simple_test/weights_complex100000.txt
parsing file: /Users/anon/Desktop/ai/msc/WFOMI/solver/test_input/diabetes/theory.txt
parsing file: /Users/anon/Desktop/ai/msc/WFOMI/solver/test_input/diabetes/query.txt
time to compute: 0.04439187049865723
partition function = 2.28908374289711e+157978
the query = 1.68669328423998e+157978
P(query) = 0.736842105263158
parsing file: /Users/anon/Desktop/ai/msc/WFOMI/solver/test_input/diabetes/weights_simple_test/weights_complex100000.txt
parsing file: /Users/anon/Desktop/ai/msc/WFOMI/solver/test_input/diabetes/theory.txt
parsing file: /Users/anon/Desktop/ai/msc/WFOMI/solver/test_input/diabetes/query.txt
time to compute: 0.04180288314819336
partition function = 2.28908374289711e+157978
the query = 1.68669328423998e+157978
P(query) = 0.736842105263158
parsing file: /Users/anon/Desktop/ai/msc/WFOMI/solver/test_input/diabetes/weights_simple_test/weights_complex100000.txt
parsing file: /Users/anon/Desktop/ai/msc/WFOMI/solver/test_input/diabetes/theory.txt
parsing file: /Users/anon/Desktop/ai/msc/WFOMI/solver/test_input/diabetes/query.txt
time to compute: 0.041701316833496094
partition function = 2.28908374289711e+157978
the query = 1.68669328423998e+157978
P(query) = 0.736842105263158
