parsing file: /Users/anon/Desktop/ai/msc/WFOMI/solver/test_input/diabetes/weights_simple_test/weights_complex100.txt
parsing file: /Users/anon/Desktop/ai/msc/WFOMI/solver/test_input/diabetes/theory.txt
parsing file: /Users/anon/Desktop/ai/msc/WFOMI/solver/test_input/diabetes/query.txt
time to compute: 0.006573915481567383
partition function = 9.51392364630176e+157
the query = 7.01025952885393e+157
P(query) = 0.736842105263158
parsing file: /Users/anon/Desktop/ai/msc/WFOMI/solver/test_input/diabetes/weights_simple_test/weights_complex100.txt
parsing file: /Users/anon/Desktop/ai/msc/WFOMI/solver/test_input/diabetes/theory.txt
parsing file: /Users/anon/Desktop/ai/msc/WFOMI/solver/test_input/diabetes/query.txt
time to compute: 0.005975008010864258
partition function = 9.51392364630176e+157
the query = 7.01025952885393e+157
P(query) = 0.736842105263158
parsing file: /Users/anon/Desktop/ai/msc/WFOMI/solver/test_input/diabetes/weights_simple_test/weights_complex100.txt
parsing file: /Users/anon/Desktop/ai/msc/WFOMI/solver/test_input/diabetes/theory.txt
parsing file: /Users/anon/Desktop/ai/msc/WFOMI/solver/test_input/diabetes/query.txt
time to compute: 0.005334138870239258
partition function = 9.51392364630176e+157
the query = 7.01025952885393e+157
P(query) = 0.736842105263158
parsing file: /Users/anon/Desktop/ai/msc/WFOMI/solver/test_input/diabetes/weights_simple_test/weights_complex100.txt
parsing file: /Users/anon/Desktop/ai/msc/WFOMI/solver/test_input/diabetes/theory.txt
parsing file: /Users/anon/Desktop/ai/msc/WFOMI/solver/test_input/diabetes/query.txt
time to compute: 0.0057909488677978516
partition function = 9.51392364630176e+157
the query = 7.01025952885393e+157
P(query) = 0.736842105263158
parsing file: /Users/anon/Desktop/ai/msc/WFOMI/solver/test_input/diabetes/weights_simple_test/weights_complex100.txt
parsing file: /Users/anon/Desktop/ai/msc/WFOMI/solver/test_input/diabetes/theory.txt
parsing file: /Users/anon/Desktop/ai/msc/WFOMI/solver/test_input/diabetes/query.txt
time to compute: 0.006032228469848633
partition function = 9.51392364630176e+157
the query = 7.01025952885393e+157
P(query) = 0.736842105263158
parsing file: /Users/anon/Desktop/ai/msc/WFOMI/solver/test_input/diabetes/weights_simple_test/weights_complex100.txt
parsing file: /Users/anon/Desktop/ai/msc/WFOMI/solver/test_input/diabetes/theory.txt
parsing file: /Users/anon/Desktop/ai/msc/WFOMI/solver/test_input/diabetes/query.txt
time to compute: 0.005527019500732422
partition function = 9.51392364630176e+157
the query = 7.01025952885393e+157
P(query) = 0.736842105263158
parsing file: /Users/anon/Desktop/ai/msc/WFOMI/solver/test_input/diabetes/weights_simple_test/weights_complex100.txt
parsing file: /Users/anon/Desktop/ai/msc/WFOMI/solver/test_input/diabetes/theory.txt
parsing file: /Users/anon/Desktop/ai/msc/WFOMI/solver/test_input/diabetes/query.txt
time to compute: 0.00519871711730957
partition function = 9.51392364630176e+157
the query = 7.01025952885393e+157
P(query) = 0.736842105263158
parsing file: /Users/anon/Desktop/ai/msc/WFOMI/solver/test_input/diabetes/weights_simple_test/weights_complex100.txt
parsing file: /Users/anon/Desktop/ai/msc/WFOMI/solver/test_input/diabetes/theory.txt
parsing file: /Users/anon/Desktop/ai/msc/WFOMI/solver/test_input/diabetes/query.txt
time to compute: 0.005342006683349609
partition function = 9.51392364630176e+157
the query = 7.01025952885393e+157
P(query) = 0.736842105263158
parsing file: /Users/anon/Desktop/ai/msc/WFOMI/solver/test_input/diabetes/weights_simple_test/weights_complex100.txt
parsing file: /Users/anon/Desktop/ai/msc/WFOMI/solver/test_input/diabetes/theory.txt
parsing file: /Users/anon/Desktop/ai/msc/WFOMI/solver/test_input/diabetes/query.txt
time to compute: 0.006606101989746094
partition function = 9.51392364630176e+157
the query = 7.01025952885393e+157
P(query) = 0.736842105263158
parsing file: /Users/anon/Desktop/ai/msc/WFOMI/solver/test_input/diabetes/weights_simple_test/weights_complex100.txt
parsing file: /Users/anon/Desktop/ai/msc/WFOMI/solver/test_input/diabetes/theory.txt
parsing file: /Users/anon/Desktop/ai/msc/WFOMI/solver/test_input/diabetes/query.txt
time to compute: 0.005922079086303711
partition function = 9.51392364630176e+157
the query = 7.01025952885393e+157
P(query) = 0.736842105263158
