parsing file: /Users/anon/Desktop/ai/msc/WFOMI/solver/test_input/diabetes/weights_simple_test/weights_complex10.txt
parsing file: /Users/anon/Desktop/ai/msc/WFOMI/solver/test_input/diabetes/theory.txt
parsing file: /Users/anon/Desktop/ai/msc/WFOMI/solver/test_input/diabetes/query.txt
time to compute: 0.0069577693939208984
partition function = 6.27821184798822e+15
the query = 4.62605083535974e+15
P(query) = 0.736842105263158
parsing file: /Users/anon/Desktop/ai/msc/WFOMI/solver/test_input/diabetes/weights_simple_test/weights_complex10.txt
parsing file: /Users/anon/Desktop/ai/msc/WFOMI/solver/test_input/diabetes/theory.txt
parsing file: /Users/anon/Desktop/ai/msc/WFOMI/solver/test_input/diabetes/query.txt
time to compute: 0.008627891540527344
partition function = 6.27821184798822e+15
the query = 4.62605083535974e+15
P(query) = 0.736842105263158
parsing file: /Users/anon/Desktop/ai/msc/WFOMI/solver/test_input/diabetes/weights_simple_test/weights_complex10.txt
parsing file: /Users/anon/Desktop/ai/msc/WFOMI/solver/test_input/diabetes/theory.txt
parsing file: /Users/anon/Desktop/ai/msc/WFOMI/solver/test_input/diabetes/query.txt
time to compute: 0.005334138870239258
partition function = 6.27821184798822e+15
the query = 4.62605083535974e+15
P(query) = 0.736842105263158
parsing file: /Users/anon/Desktop/ai/msc/WFOMI/solver/test_input/diabetes/weights_simple_test/weights_complex10.txt
parsing file: /Users/anon/Desktop/ai/msc/WFOMI/solver/test_input/diabetes/theory.txt
parsing file: /Users/anon/Desktop/ai/msc/WFOMI/solver/test_input/diabetes/query.txt
time to compute: 0.006246805191040039
partition function = 6.27821184798822e+15
the query = 4.62605083535974e+15
P(query) = 0.736842105263158
parsing file: /Users/anon/Desktop/ai/msc/WFOMI/solver/test_input/diabetes/weights_simple_test/weights_complex10.txt
parsing file: /Users/anon/Desktop/ai/msc/WFOMI/solver/test_input/diabetes/theory.txt
parsing file: /Users/anon/Desktop/ai/msc/WFOMI/solver/test_input/diabetes/query.txt
time to compute: 0.0057239532470703125
partition function = 6.27821184798822e+15
the query = 4.62605083535974e+15
P(query) = 0.736842105263158
parsing file: /Users/anon/Desktop/ai/msc/WFOMI/solver/test_input/diabetes/weights_simple_test/weights_complex10.txt
parsing file: /Users/anon/Desktop/ai/msc/WFOMI/solver/test_input/diabetes/theory.txt
parsing file: /Users/anon/Desktop/ai/msc/WFOMI/solver/test_input/diabetes/query.txt
time to compute: 0.0055501461029052734
partition function = 6.27821184798822e+15
the query = 4.62605083535974e+15
P(query) = 0.736842105263158
parsing file: /Users/anon/Desktop/ai/msc/WFOMI/solver/test_input/diabetes/weights_simple_test/weights_complex10.txt
parsing file: /Users/anon/Desktop/ai/msc/WFOMI/solver/test_input/diabetes/theory.txt
parsing file: /Users/anon/Desktop/ai/msc/WFOMI/solver/test_input/diabetes/query.txt
time to compute: 0.005177736282348633
partition function = 6.27821184798822e+15
the query = 4.62605083535974e+15
P(query) = 0.736842105263158
parsing file: /Users/anon/Desktop/ai/msc/WFOMI/solver/test_input/diabetes/weights_simple_test/weights_complex10.txt
parsing file: /Users/anon/Desktop/ai/msc/WFOMI/solver/test_input/diabetes/theory.txt
parsing file: /Users/anon/Desktop/ai/msc/WFOMI/solver/test_input/diabetes/query.txt
time to compute: 0.005390167236328125
partition function = 6.27821184798822e+15
the query = 4.62605083535974e+15
P(query) = 0.736842105263158
parsing file: /Users/anon/Desktop/ai/msc/WFOMI/solver/test_input/diabetes/weights_simple_test/weights_complex10.txt
parsing file: /Users/anon/Desktop/ai/msc/WFOMI/solver/test_input/diabetes/theory.txt
parsing file: /Users/anon/Desktop/ai/msc/WFOMI/solver/test_input/diabetes/query.txt
time to compute: 0.005528688430786133
partition function = 6.27821184798822e+15
the query = 4.62605083535974e+15
P(query) = 0.736842105263158
parsing file: /Users/anon/Desktop/ai/msc/WFOMI/solver/test_input/diabetes/weights_simple_test/weights_complex10.txt
parsing file: /Users/anon/Desktop/ai/msc/WFOMI/solver/test_input/diabetes/theory.txt
parsing file: /Users/anon/Desktop/ai/msc/WFOMI/solver/test_input/diabetes/query.txt
time to compute: 0.006247758865356445
partition function = 6.27821184798822e+15
the query = 4.62605083535974e+15
P(query) = 0.736842105263158
