parsing file: /Users/anon/Desktop/ai/msc/WFOMI/solver/test_input/diabetes/weights_simple_test/weights_complex10000.txt
parsing file: /Users/anon/Desktop/ai/msc/WFOMI/solver/test_input/diabetes/theory.txt
parsing file: /Users/anon/Desktop/ai/msc/WFOMI/solver/test_input/diabetes/query.txt
time to compute: 0.00809478759765625
partition function = 6.85434828434196e+15797
the query = 5.05057242004145e+15797
P(query) = 0.736842105263158
parsing file: /Users/anon/Desktop/ai/msc/WFOMI/solver/test_input/diabetes/weights_simple_test/weights_complex10000.txt
parsing file: /Users/anon/Desktop/ai/msc/WFOMI/solver/test_input/diabetes/theory.txt
parsing file: /Users/anon/Desktop/ai/msc/WFOMI/solver/test_input/diabetes/query.txt
time to compute: 0.00858926773071289
partition function = 6.85434828434196e+15797
the query = 5.05057242004145e+15797
P(query) = 0.736842105263158
parsing file: /Users/anon/Desktop/ai/msc/WFOMI/solver/test_input/diabetes/weights_simple_test/weights_complex10000.txt
parsing file: /Users/anon/Desktop/ai/msc/WFOMI/solver/test_input/diabetes/theory.txt
parsing file: /Users/anon/Desktop/ai/msc/WFOMI/solver/test_input/diabetes/query.txt
time to compute: 0.01054692268371582
partition function = 6.85434828434196e+15797
the query = 5.05057242004145e+15797
P(query) = 0.736842105263158
parsing file: /Users/anon/Desktop/ai/msc/WFOMI/solver/test_input/diabetes/weights_simple_test/weights_complex10000.txt
parsing file: /Users/anon/Desktop/ai/msc/WFOMI/solver/test_input/diabetes/theory.txt
parsing file: /Users/anon/Desktop/ai/msc/WFOMI/solver/test_input/diabetes/query.txt
time to compute: 0.008909940719604492
partition function = 6.85434828434196e+15797
the query = 5.05057242004145e+15797
P(query) = 0.736842105263158
parsing file: /Users/anon/Desktop/ai/msc/WFOMI/solver/test_input/diabetes/weights_simple_test/weights_complex10000.txt
parsing file: /Users/anon/Desktop/ai/msc/WFOMI/solver/test_input/diabetes/theory.txt
parsing file: /Users/anon/Desktop/ai/msc/WFOMI/solver/test_input/diabetes/query.txt
time to compute: 0.008730888366699219
partition function = 6.85434828434196e+15797
the query = 5.05057242004145e+15797
P(query) = 0.736842105263158
parsing file: /Users/anon/Desktop/ai/msc/WFOMI/solver/test_input/diabetes/weights_simple_test/weights_complex10000.txt
parsing file: /Users/anon/Desktop/ai/msc/WFOMI/solver/test_input/diabetes/theory.txt
parsing file: /Users/anon/Desktop/ai/msc/WFOMI/solver/test_input/diabetes/query.txt
time to compute: 0.0077130794525146484
partition function = 6.85434828434196e+15797
the query = 5.05057242004145e+15797
P(query) = 0.736842105263158
parsing file: /Users/anon/Desktop/ai/msc/WFOMI/solver/test_input/diabetes/weights_simple_test/weights_complex10000.txt
parsing file: /Users/anon/Desktop/ai/msc/WFOMI/solver/test_input/diabetes/theory.txt
parsing file: /Users/anon/Desktop/ai/msc/WFOMI/solver/test_input/diabetes/query.txt
time to compute: 0.008126258850097656
partition function = 6.85434828434196e+15797
the query = 5.05057242004145e+15797
P(query) = 0.736842105263158
parsing file: /Users/anon/Desktop/ai/msc/WFOMI/solver/test_input/diabetes/weights_simple_test/weights_complex10000.txt
parsing file: /Users/anon/Desktop/ai/msc/WFOMI/solver/test_input/diabetes/theory.txt
parsing file: /Users/anon/Desktop/ai/msc/WFOMI/solver/test_input/diabetes/query.txt
time to compute: 0.008189916610717773
partition function = 6.85434828434196e+15797
the query = 5.05057242004145e+15797
P(query) = 0.736842105263158
parsing file: /Users/anon/Desktop/ai/msc/WFOMI/solver/test_input/diabetes/weights_simple_test/weights_complex10000.txt
parsing file: /Users/anon/Desktop/ai/msc/WFOMI/solver/test_input/diabetes/theory.txt
parsing file: /Users/anon/Desktop/ai/msc/WFOMI/solver/test_input/diabetes/query.txt
time to compute: 0.007845163345336914
partition function = 6.85434828434196e+15797
the query = 5.05057242004145e+15797
P(query) = 0.736842105263158
parsing file: /Users/anon/Desktop/ai/msc/WFOMI/solver/test_input/diabetes/weights_simple_test/weights_complex10000.txt
parsing file: /Users/anon/Desktop/ai/msc/WFOMI/solver/test_input/diabetes/theory.txt
parsing file: /Users/anon/Desktop/ai/msc/WFOMI/solver/test_input/diabetes/query.txt
time to compute: 0.008041858673095703
partition function = 6.85434828434196e+15797
the query = 5.05057242004145e+15797
P(query) = 0.736842105263158
