parsing file: /Users/anon/Desktop/ai/msc/WFOMI/solver/test_input/diabetes/weights_simple_test/weights_complex1000.txt
parsing file: /Users/anon/Desktop/ai/msc/WFOMI/solver/test_input/diabetes/theory.txt
parsing file: /Users/anon/Desktop/ai/msc/WFOMI/solver/test_input/diabetes/query.txt
time to compute: 0.0076580047607421875
partition function = 6.07570413063664e+1579
the query = 4.47683462257436e+1579
P(query) = 0.736842105263158
parsing file: /Users/anon/Desktop/ai/msc/WFOMI/solver/test_input/diabetes/weights_simple_test/weights_complex1000.txt
parsing file: /Users/anon/Desktop/ai/msc/WFOMI/solver/test_input/diabetes/theory.txt
parsing file: /Users/anon/Desktop/ai/msc/WFOMI/solver/test_input/diabetes/query.txt
time to compute: 0.006413698196411133
partition function = 6.07570413063664e+1579
the query = 4.47683462257436e+1579
P(query) = 0.736842105263158
parsing file: /Users/anon/Desktop/ai/msc/WFOMI/solver/test_input/diabetes/weights_simple_test/weights_complex1000.txt
parsing file: /Users/anon/Desktop/ai/msc/WFOMI/solver/test_input/diabetes/theory.txt
parsing file: /Users/anon/Desktop/ai/msc/WFOMI/solver/test_input/diabetes/query.txt
time to compute: 0.006639957427978516
partition function = 6.07570413063664e+1579
the query = 4.47683462257436e+1579
P(query) = 0.736842105263158
parsing file: /Users/anon/Desktop/ai/msc/WFOMI/solver/test_input/diabetes/weights_simple_test/weights_complex1000.txt
parsing file: /Users/anon/Desktop/ai/msc/WFOMI/solver/test_input/diabetes/theory.txt
parsing file: /Users/anon/Desktop/ai/msc/WFOMI/solver/test_input/diabetes/query.txt
time to compute: 0.006006002426147461
partition function = 6.07570413063664e+1579
the query = 4.47683462257436e+1579
P(query) = 0.736842105263158
parsing file: /Users/anon/Desktop/ai/msc/WFOMI/solver/test_input/diabetes/weights_simple_test/weights_complex1000.txt
parsing file: /Users/anon/Desktop/ai/msc/WFOMI/solver/test_input/diabetes/theory.txt
parsing file: /Users/anon/Desktop/ai/msc/WFOMI/solver/test_input/diabetes/query.txt
time to compute: 0.005995988845825195
partition function = 6.07570413063664e+1579
the query = 4.47683462257436e+1579
P(query) = 0.736842105263158
parsing file: /Users/anon/Desktop/ai/msc/WFOMI/solver/test_input/diabetes/weights_simple_test/weights_complex1000.txt
parsing file: /Users/anon/Desktop/ai/msc/WFOMI/solver/test_input/diabetes/theory.txt
parsing file: /Users/anon/Desktop/ai/msc/WFOMI/solver/test_input/diabetes/query.txt
time to compute: 0.005727052688598633
partition function = 6.07570413063664e+1579
the query = 4.47683462257436e+1579
P(query) = 0.736842105263158
parsing file: /Users/anon/Desktop/ai/msc/WFOMI/solver/test_input/diabetes/weights_simple_test/weights_complex1000.txt
parsing file: /Users/anon/Desktop/ai/msc/WFOMI/solver/test_input/diabetes/theory.txt
parsing file: /Users/anon/Desktop/ai/msc/WFOMI/solver/test_input/diabetes/query.txt
time to compute: 0.0063359737396240234
partition function = 6.07570413063664e+1579
the query = 4.47683462257436e+1579
P(query) = 0.736842105263158
parsing file: /Users/anon/Desktop/ai/msc/WFOMI/solver/test_input/diabetes/weights_simple_test/weights_complex1000.txt
parsing file: /Users/anon/Desktop/ai/msc/WFOMI/solver/test_input/diabetes/theory.txt
parsing file: /Users/anon/Desktop/ai/msc/WFOMI/solver/test_input/diabetes/query.txt
time to compute: 0.011995077133178711
partition function = 6.07570413063664e+1579
the query = 4.47683462257436e+1579
P(query) = 0.736842105263158
parsing file: /Users/anon/Desktop/ai/msc/WFOMI/solver/test_input/diabetes/weights_simple_test/weights_complex1000.txt
parsing file: /Users/anon/Desktop/ai/msc/WFOMI/solver/test_input/diabetes/theory.txt
parsing file: /Users/anon/Desktop/ai/msc/WFOMI/solver/test_input/diabetes/query.txt
time to compute: 0.005898952484130859
partition function = 6.07570413063664e+1579
the query = 4.47683462257436e+1579
P(query) = 0.736842105263158
parsing file: /Users/anon/Desktop/ai/msc/WFOMI/solver/test_input/diabetes/weights_simple_test/weights_complex1000.txt
parsing file: /Users/anon/Desktop/ai/msc/WFOMI/solver/test_input/diabetes/theory.txt
parsing file: /Users/anon/Desktop/ai/msc/WFOMI/solver/test_input/diabetes/query.txt
time to compute: 0.006596803665161133
partition function = 6.07570413063664e+1579
the query = 4.47683462257436e+1579
P(query) = 0.736842105263158
